#
# A fatal error has been detected by the Java Runtime Environment:
#
#  EXCEPTION_ACCESS_VIOLATION (0xc0000005) at pc=0x000000006c6bd76b, pid=10156, tid=3576
#
# JRE version: 7.0_10-b18
# Java VM: Java HotSpot(TM) 64-Bit Server VM (23.6-b04 mixed mode windows-amd64 compressed oops)
# Problematic frame:
# V  [jvm.dll+0x11d76b]
#
# Failed to write core dump. Minidumps are not enabled by default on client versions of Windows
#
# If you would like to submit a bug report, please visit:
#   http://bugreport.sun.com/bugreport/crash.jsp
#

---------------  T H R E A D  ---------------

Current thread (0x000000000b45c000):  JavaThread "JDWP Transport Listener: dt_socket" daemon [_thread_in_vm, id=3576, stack(0x000000000cdf0000,0x000000000cef0000)]

siginfo: ExceptionCode=0xc0000005, reading address 0xffffffffffffffff

Registers:
RAX=0x000000000ceef301, RBX=0x000000000b45c000, RCX=0x003b636570537965, RDX=0x000000000b45c000
RSP=0x000000000ceef2e0, RBP=0x003b636570537965, RSI=0x000000000ceef3f8, RDI=0x0000000002459980
R8 =0x000000000ceef3f8, R9 =0x000000000000ff00, R10=0x0000000000000000, R11=0x000000000ceef5ed
R12=0x0000000000000000, R13=0x0000000000000000, R14=0x0000000000000000, R15=0x0000000000000000
RIP=0x000000006c6bd76b, EFLAGS=0x0000000000010206

Top of Stack: (sp=0x000000000ceef2e0)
0x000000000ceef2e0:   000000000b45c000 000000000b44d0d0
0x000000000ceef2f0:   000000000ceef3a8 000000006c844009
0x000000000ceef300:   000000000b45c000 000000006c85f9d2
0x000000000ceef310:   0000000000000000 000000000b45c000
0x000000000ceef320:   000000000b3edfa0 000000006c53264e
0x000000000ceef330:   000000000b45c000 0000000000000000
0x000000000ceef340:   0000000000000000 0000000000000000
0x000000000ceef350:   003b636570537965 000000006c531745
0x000000000ceef360:   000000000ceef3f8 000000000ceef3d0
0x000000000ceef370:   0000000000000001 000000000b3edfa0
0x000000000ceef380:   003b636570537965 000000006c5153b3
0x000000000ceef390:   000000000ceef4c0 0000000000000001
0x000000000ceef3a0:   0000000000000001 000000000b3edfa0
0x000000000ceef3b0:   0000000000000001 0000000000000000
0x000000000ceef3c0:   0000000000000000 0000000000000000
0x000000000ceef3d0:   0000000000000001 000000006c515571 

Instructions: (pc=0x000000006c6bd76b)
0x000000006c6bd74b:   48 8b 5c 24 30 48 89 47 18 48 83 c4 20 5f c3 cc
0x000000006c6bd75b:   cc cc cc cc cc 40 53 48 83 ec 20 48 85 c9 74 54
0x000000006c6bd76b:   48 8b 19 48 85 db 74 4c 48 b8 fe fe fe fe fe fe
0x000000006c6bd77b:   fe fe 48 3b d8 74 3d 80 3d 5f e5 58 00 00 74 15 


Register to memory mapping:

RAX=0x000000000ceef301 is pointing into the stack for thread: 0x000000000b45c000
RBX=0x000000000b45c000 is a thread
RCX=0x003b636570537965 is an unknown value
RDX=0x000000000b45c000 is a thread
RSP=0x000000000ceef2e0 is pointing into the stack for thread: 0x000000000b45c000
RBP=0x003b636570537965 is an unknown value
RSI=0x000000000ceef3f8 is pointing into the stack for thread: 0x000000000b45c000
RDI=0x0000000002459980 is an unknown value
R8 =0x000000000ceef3f8 is pointing into the stack for thread: 0x000000000b45c000
R9 =0x000000000000ff00 is an unknown value
R10=0x0000000000000000 is an unknown value
R11=0x000000000ceef5ed is pointing into the stack for thread: 0x000000000b45c000
R12=0x0000000000000000 is an unknown value
R13=0x0000000000000000 is an unknown value
R14=0x0000000000000000 is an unknown value
R15=0x0000000000000000 is an unknown value


Stack: [0x000000000cdf0000,0x000000000cef0000],  sp=0x000000000ceef2e0,  free space=1020k
Native frames: (J=compiled Java code, j=interpreted, Vv=VM code, C=native code)
V  [jvm.dll+0x11d76b]


---------------  P R O C E S S  ---------------

Java Threads: ( => current thread )
  0x000000000d5cf800 JavaThread "ReaderThread" [_thread_in_native, id=9956, stack(0x000000000d8f0000,0x000000000d9f0000)]
  0x000000000b480000 JavaThread "Service Thread" daemon [_thread_blocked, id=11104, stack(0x000000000d2f0000,0x000000000d3f0000)]
  0x000000000b479000 JavaThread "C2 CompilerThread1" daemon [_thread_blocked, id=7796, stack(0x000000000d1f0000,0x000000000d2f0000)]
  0x000000000b476800 JavaThread "C2 CompilerThread0" daemon [_thread_blocked, id=10056, stack(0x000000000d0f0000,0x000000000d1f0000)]
  0x000000000b462000 JavaThread "JDWP Command Reader" daemon [_thread_in_native, id=8168, stack(0x000000000cff0000,0x000000000d0f0000)]
  0x000000000b45f000 JavaThread "JDWP Event Helper Thread" daemon [_thread_blocked, id=5312, stack(0x000000000cef0000,0x000000000cff0000)]
=>0x000000000b45c000 JavaThread "JDWP Transport Listener: dt_socket" daemon [_thread_in_vm, id=3576, stack(0x000000000cdf0000,0x000000000cef0000)]
  0x000000000b44f000 JavaThread "Attach Listener" daemon [_thread_blocked, id=8780, stack(0x000000000c910000,0x000000000ca10000)]
  0x000000000b44b800 JavaThread "Signal Dispatcher" daemon [_thread_blocked, id=10348, stack(0x000000000c810000,0x000000000c910000)]
  0x000000000b3e7000 JavaThread "Finalizer" daemon [_thread_blocked, id=8816, stack(0x000000000c710000,0x000000000c810000)]
  0x000000000b3de000 JavaThread "Reference Handler" daemon [_thread_blocked, id=5360, stack(0x000000000c610000,0x000000000c710000)]
  0x0000000002460800 JavaThread "main" [_thread_blocked, id=8036, stack(0x00000000022c0000,0x00000000023c0000)]

Other Threads:
  0x000000000b3d6800 VMThread [stack: 0x000000000c510000,0x000000000c610000] [id=3316]
  0x000000000b473800 WatcherThread [stack: 0x000000000d3f0000,0x000000000d4f0000] [id=8256]

VM state:not at safepoint (normal execution)

VM Mutex/Monitor currently owned by a thread: None

Heap
 PSYoungGen      total 37696K, used 5819K [0x00000007d5eb0000, 0x00000007d88c0000, 0x0000000800000000)
  eden space 32320K, 18% used [0x00000007d5eb0000,0x00000007d645ef88,0x00000007d7e40000)
  from space 5376K, 0% used [0x00000007d8380000,0x00000007d8380000,0x00000007d88c0000)
  to   space 5376K, 0% used [0x00000007d7e40000,0x00000007d7e40000,0x00000007d8380000)
 ParOldGen       total 86208K, used 0K [0x0000000781c00000, 0x0000000787030000, 0x00000007d5eb0000)
  object space 86208K, 0% used [0x0000000781c00000,0x0000000781c00000,0x0000000787030000)
 PSPermGen       total 21248K, used 5586K [0x000000077ca00000, 0x000000077dec0000, 0x0000000781c00000)
  object space 21248K, 26% used [0x000000077ca00000,0x000000077cf74890,0x000000077dec0000)

Card table byte_map: [0x0000000005620000,0x0000000005a40000] byte_map_base: 0x0000000001a3b000

Polling page: 0x0000000002260000

Code Cache  [0x0000000002560000, 0x00000000027d0000, 0x0000000005560000)
 total_blobs=240 nmethods=22 adapters=178 free_code_cache=48701Kb largest_free_block=49844160

Compilation events (10 events):
Event: 0.860 Thread 0x000000000b479000 nmethod 13 0x00000000025ca350 code [0x00000000025ca4c0, 0x00000000025cafc8]
Event: 0.904 Thread 0x000000000b476800 nmethod 17 0x00000000025cff50 code [0x00000000025d0160, 0x00000000025d1460]
Event: 0.928 Thread 0x000000000b479000   19             sun.net.www.ParseUtil::encodePath (336 bytes)
Event: 0.941 Thread 0x000000000b476800   20             sun.nio.cs.UTF_8$Encoder::encode (361 bytes)
Event: 0.966 Thread 0x000000000b476800 nmethod 20 0x00000000025cc090 code [0x00000000025cc200, 0x00000000025cc888]
Event: 0.985 Thread 0x000000000b479000 nmethod 19 0x00000000025d4f10 code [0x00000000025d5160, 0x00000000025d6478]
Event: 0.988 Thread 0x000000000b476800   21             java.io.Win32FileSystem::normalize (143 bytes)
Event: 0.999 Thread 0x000000000b476800 nmethod 21 0x00000000025cb850 code [0x00000000025cb9c0, 0x00000000025cbdf0]
Event: 1.000 Thread 0x000000000b479000   22             java.lang.String::length (6 bytes)
Event: 1.000 Thread 0x000000000b479000 nmethod 22 0x00000000025c2710 code [0x00000000025c2840, 0x00000000025c28d8]

GC Heap History (0 events):
No events

Deoptimization events (1 events):
Event: 1.011 Thread 0x0000000002460800 Uncommon trap 49 fr.pc 0x00000000025c6298

Internal exceptions (10 events):
Event: 1.015 Thread 0x0000000002460800 Threw 0x00000007d63b8898 at C:\jdk7u2_64p\jdk7u10\hotspot\src\share\vm\prims\jvm.cpp:1166
Event: 1.016 Thread 0x0000000002460800 Threw 0x00000007d63ba158 at C:\jdk7u2_64p\jdk7u10\hotspot\src\share\vm\prims\jvm.cpp:1166
Event: 1.023 Thread 0x0000000002460800 Threw 0x00000007d63bc0d8 at C:\jdk7u2_64p\jdk7u10\hotspot\src\share\vm\runtime\reflection.cpp:1039
Event: 1.026 Thread 0x0000000002460800 Threw 0x00000007d63bc6e0 at C:\jdk7u2_64p\jdk7u10\hotspot\src\share\vm\prims\jvm.cpp:1166
Event: 1.027 Thread 0x0000000002460800 Threw 0x00000007d63c0ba0 at C:\jdk7u2_64p\jdk7u10\hotspot\src\share\vm\prims\jvm.cpp:1166
Event: 1.028 Thread 0x0000000002460800 Threw 0x00000007d63c4be0 at C:\jdk7u2_64p\jdk7u10\hotspot\src\share\vm\prims\jvm.cpp:1166
Event: 1.029 Thread 0x0000000002460800 Threw 0x00000007d63c87c8 at C:\jdk7u2_64p\jdk7u10\hotspot\src\share\vm\prims\jvm.cpp:1166
Event: 1.030 Thread 0x0000000002460800 Threw 0x00000007d63cc018 at C:\jdk7u2_64p\jdk7u10\hotspot\src\share\vm\prims\jvm.cpp:1166
Event: 1.031 Thread 0x0000000002460800 Threw 0x00000007d63cf8d8 at C:\jdk7u2_64p\jdk7u10\hotspot\src\share\vm\prims\jvm.cpp:1166
Event: 1.038 Thread 0x0000000002460800 Threw 0x00000007d63e1bc0 at C:\jdk7u2_64p\jdk7u10\hotspot\src\share\vm\prims\jvm.cpp:1166

Events (10 events):
Event: 146.929 Executing VM operation: RedefineClasses
Event: 146.929 Executing VM operation: RedefineClasses done
Event: 146.937 Executing VM operation: ChangeBreakpoints
Event: 146.937 Executing VM operation: ChangeBreakpoints done
Event: 148.862 Executing VM operation: ChangeBreakpoints
Event: 148.862 Executing VM operation: ChangeBreakpoints done
Event: 150.112 Executing VM operation: ChangeBreakpoints
Event: 150.113 Executing VM operation: ChangeBreakpoints done
Event: 218.631 Executing VM operation: RedefineClasses
Event: 218.632 Executing VM operation: RedefineClasses done


Dynamic libraries:
0x000007f6becc0000 - 0x000007f6becf3000 	C:\Program Files\Java\jre7\bin\javaw.exe
0x000007f819e10000 - 0x000007f819fce000 	C:\Windows\SYSTEM32\ntdll.dll
0x000007f818530000 - 0x000007f818666000 	C:\Windows\system32\KERNEL32.DLL
0x000007f816e10000 - 0x000007f816f03000 	C:\Windows\system32\KERNELBASE.dll
0x000007f817de0000 - 0x000007f817ebe000 	C:\Windows\system32\ADVAPI32.dll
0x000007f817c90000 - 0x000007f817ddc000 	C:\Windows\system32\USER32.dll
0x000007f8145a0000 - 0x000007f814809000 	C:\Windows\WinSxS\amd64_microsoft.windows.common-controls_6595b64144ccf1df_6.0.9200.16384_none_418c2a697189c07f\COMCTL32.dll
0x000007f817860000 - 0x000007f817905000 	C:\Windows\system32\msvcrt.dll
0x000007f8175e0000 - 0x000007f817628000 	C:\Windows\SYSTEM32\sechost.dll
0x000007f818670000 - 0x000007f8187b0000 	C:\Windows\system32\RPCRT4.dll
0x000007f8181c0000 - 0x000007f818300000 	C:\Windows\system32\GDI32.dll
0x000007f817280000 - 0x000007f8172b9000 	C:\Windows\system32\IMM32.DLL
0x000007f818980000 - 0x000007f818a95000 	C:\Windows\system32\MSCTF.dll
0x000000006ccc0000 - 0x000000006cd91000 	C:\Program Files\Java\jre7\bin\msvcr100.dll
0x000000006c5a0000 - 0x000000006ccbf000 	C:\Program Files\Java\jre7\bin\server\jvm.dll
0x000007f810190000 - 0x000007f810199000 	C:\Windows\SYSTEM32\WSOCK32.dll
0x000007f80bf90000 - 0x000007f80bfb0000 	C:\Windows\SYSTEM32\WINMM.dll
0x000007f8172d0000 - 0x000007f8172d7000 	C:\Windows\system32\PSAPI.DLL
0x000007f818160000 - 0x000007f8181b8000 	C:\Windows\system32\WS2_32.dll
0x000007f80bf50000 - 0x000007f80bf82000 	C:\Windows\SYSTEM32\WINMMBASE.dll
0x000007f818b10000 - 0x000007f818b19000 	C:\Windows\system32\NSI.dll
0x000000006cf10000 - 0x000000006cf1f000 	C:\Program Files\Java\jre7\bin\verify.dll
0x000000006cee0000 - 0x000000006cf08000 	C:\Program Files\Java\jre7\bin\java.dll
0x000000006c510000 - 0x000000006c545000 	C:\Program Files\Java\jre7\bin\jdwp.dll
0x000000006cdd0000 - 0x000000006cdd8000 	C:\Program Files\Java\jre7\bin\npt.dll
0x000000006cec0000 - 0x000000006ced5000 	C:\Program Files\Java\jre7\bin\zip.dll
0x000000006c500000 - 0x000000006c509000 	C:\Program Files\Java\jre7\bin\dt_socket.dll
0x000007f8005f0000 - 0x000007f800604000 	C:\Windows\system32\napinsp.dll
0x000007f800610000 - 0x000007f800628000 	C:\Windows\system32\pnrpnsp.dll
0x000007f815770000 - 0x000007f815786000 	C:\Windows\system32\NLAapi.dll
0x000007f816590000 - 0x000007f8165ec000 	C:\Windows\System32\mswsock.dll
0x000007f8163d0000 - 0x000007f816468000 	C:\Windows\SYSTEM32\DNSAPI.dll
0x000007f800630000 - 0x000007f800642000 	C:\Windows\System32\winrnr.dll
0x000007f800650000 - 0x000007f800664000 	C:\Windows\system32\wshbth.dll
0x000007f8137b0000 - 0x000007f81380f000 	C:\Windows\System32\fwpuclnt.dll
0x000007f803420000 - 0x000007f803428000 	C:\Windows\System32\rasadhlp.dll
0x000000006cea0000 - 0x000000006ceb9000 	C:\Program Files\Java\jre7\bin\net.dll
0x000007f804890000 - 0x000007f8049f3000 	C:\Windows\SYSTEM32\dbghelp.dll

VM Arguments:
jvm_args: -agentlib:jdwp=transport=dt_socket,suspend=y,address=localhost:24923 -Dfile.encoding=Cp1252 
java_command: org.eclipse.jdt.internal.junit.runner.RemoteTestRunner -version 3 -port 24922 -testLoaderClass org.eclipse.jdt.internal.junit4.runner.JUnit4TestLoader -loaderpluginname org.eclipse.jdt.junit4.runtime -classNames org.uva.sea.ql.parser.test.TestStatements
Launcher Type: SUN_STANDARD

Environment Variables:
PATH=C:\Program Files\Common Files\Microsoft Shared\Microsoft Online Services;C:\Program Files (x86)\Common Files\Microsoft Shared\Microsoft Online Services;C:\Windows\system32;C:\Windows;C:\Windows\System32\Wbem;C:\Windows\System32\WindowsPowerShell\v1.0\;C:\Program Files\Microsoft SQL Server\110\DTS\Binn\;C:\Program Files (x86)\Microsoft SQL Server\110\Tools\Binn\;C:\Program Files\Microsoft SQL Server\110\Tools\Binn\;C:\Program Files (x86)\Microsoft SQL Server\110\Tools\Binn\ManagementStudio\;C:\Program Files (x86)\Microsoft Visual Studio 10.0\Common7\IDE\PrivateAssemblies\;C:\Program Files (x86)\Microsoft SQL Server\110\DTS\Binn\;C:\Program Files\Microsoft\Web Platform Installer\;C:\Program Files (x86)\Microsoft ASP.NET\ASP.NET Web Pages\v1.0\;C:\Program Files (x86)\Windows Kits\8.0\Windows Performance Toolkit\;C:\Program Files\Intel\WiFi\bin\;C:\Program Files\Common Files\Intel\WirelessCommon\;C:\Program Files\Microsoft Windows Performance Toolkit\;C:\Program Files (x86)\Microsoft SQL Server\100\Tools\Binn\;C:\Program Files\Microsoft SQL Server\100\Tools\Binn\;C:\Program Files\Microsoft SQL Server\100\DTS\Binn\;C:\Program Files\TortoiseGit\bin;C:\Program Files\Intel\WiFi\bin\;C:\Program Files\Common Files\Intel\WirelessCommon\
USERNAME=Bastiaan.Brekelmans
OS=Windows_NT
PROCESSOR_IDENTIFIER=Intel64 Family 6 Model 42 Stepping 7, GenuineIntel



---------------  S Y S T E M  ---------------

OS: Windows 8 , 64 bit Build 9200 

CPU:total 4 (2 cores per cpu, 2 threads per core) family 6 model 42 stepping 7, cmov, cx8, fxsr, mmx, sse, sse2, sse3, ssse3, sse4.1, sse4.2, popcnt, avx, ht, tsc, tscinvbit

Memory: 4k page, physical 8273132k(4510552k free), swap 9518316k(3174960k free)

vm_info: Java HotSpot(TM) 64-Bit Server VM (23.6-b04) for windows-amd64 JRE (1.7.0_10-b18), built on Nov 28 2012 05:00:40 by "java_re" with unknown MS VC++:1600

time: Mon Jan 21 21:26:03 2013
elapsed time: 218 seconds

